[2017-08-18 16:34:55.340] [INFO] logs - new toDo: { __v: 0,
  name: 'moran',
  date: 'Fri Aug 18 2017 16:34:55 GMT+0300 (IDT)',
  whatToDo: 'hello every one',
  title: 'pils',
  _id: 5996ecffe9037c37645a9f84 } was been saved successfully
[2017-08-18 16:34:55.342] [INFO] logs - The Api: createNewToDo called:2
[2017-08-18 17:07:38.278] [INFO] logs - new toDo: { __v: 0,
  name: 'moran',
  date: 'Fri Aug 18 2017 17:07:38 GMT+0300 (IDT)',
  whatToDo: 'hello every one',
  title: 'pils',
  _id: 5996f4aae9037c37645a9f85 } was been saved successfully
[2017-08-18 17:07:38.278] [INFO] logs - The Api: createNewToDo called:3
[2017-08-18 17:08:09.211] [INFO] logs - The Api: getAllTest called: 3
[2017-08-18 17:11:40.958] [INFO] logs - The Api: getAllTest called: 4
[2017-08-18 17:12:04.706] [INFO] logs - The Api: getAllTest called: 5
[2017-08-18 17:12:30.337] [INFO] logs - The Api: getAllTest called: 6
[2017-08-18 17:12:30.998] [INFO] logs - The Api: getAllTest called: 7
[2017-08-18 17:12:33.197] [INFO] logs - The Api: getAllTest called: 8
[2017-08-18 17:13:12.440] [INFO] logs - The Api: getAllTest called: 1
[2017-08-18 17:13:22.211] [INFO] logs - {"ok":1,"n":1,"opTime":{"ts":"6455617604332552193","t":1},"electionId":"7fffffff0000000000000001"} was deleted successfully!
[2017-08-18 17:13:22.212] [INFO] logs - TThe Api: dropToDo called:1
[2017-08-18 17:13:30.891] [INFO] logs - The Api: getAllTest called: 2
[2017-08-18 17:14:20.946] [INFO] logs - new toDo: { __v: 0,
  name: 'papushe',
  date: 'Fri Aug 18 2017 17:14:20 GMT+0300 (IDT)',
  whatToDo: 'synday evening',
  title: 'maccabi',
  _id: 5996f63c00066b3a489e0814 } was been saved successfully
[2017-08-18 17:14:20.946] [INFO] logs - The Api: createNewToDo called:1
[2017-08-18 17:14:57.192] [INFO] logs - The Api: getAllTest called: 3
[2017-08-18 17:15:02.542] [INFO] logs - The Api: getAllTest called: 4
